{"total": {"lines":{"total":939,"covered":901,"skipped":0,"pct":95.95},"statements":{"total":951,"covered":911,"skipped":0,"pct":95.79},"functions":{"total":162,"covered":158,"skipped":0,"pct":97.53},"branches":{"total":377,"covered":337,"skipped":0,"pct":89.38},"branchesTrue":{"total":0,"covered":0,"skipped":0,"pct":100}}
,"/home/runner/work/aelf-command/aelf-command/src/index.js": {"lines":{"total":43,"covered":41,"skipped":0,"pct":95.34},"functions":{"total":7,"covered":7,"skipped":0,"pct":100},"statements":{"total":43,"covered":41,"skipped":0,"pct":95.34},"branches":{"total":14,"covered":14,"skipped":0,"pct":100}}
,"/home/runner/work/aelf-command/aelf-command/src/command/baseSubCommand.js": {"lines":{"total":77,"covered":77,"skipped":0,"pct":100},"functions":{"total":22,"covered":22,"skipped":0,"pct":100},"statements":{"total":80,"covered":80,"skipped":0,"pct":100},"branches":{"total":32,"covered":32,"skipped":0,"pct":100}}
,"/home/runner/work/aelf-command/aelf-command/src/command/call.js": {"lines":{"total":42,"covered":41,"skipped":0,"pct":97.61},"functions":{"total":4,"covered":4,"skipped":0,"pct":100},"statements":{"total":42,"covered":41,"skipped":0,"pct":97.61},"branches":{"total":22,"covered":18,"skipped":0,"pct":81.81}}
,"/home/runner/work/aelf-command/aelf-command/src/command/config.js": {"lines":{"total":33,"covered":31,"skipped":0,"pct":93.93},"functions":{"total":6,"covered":6,"skipped":0,"pct":100},"statements":{"total":33,"covered":31,"skipped":0,"pct":93.93},"branches":{"total":12,"covered":12,"skipped":0,"pct":100}}
,"/home/runner/work/aelf-command/aelf-command/src/command/console.js": {"lines":{"total":16,"covered":16,"skipped":0,"pct":100},"functions":{"total":2,"covered":2,"skipped":0,"pct":100},"statements":{"total":16,"covered":16,"skipped":0,"pct":100},"branches":{"total":2,"covered":2,"skipped":0,"pct":100}}
,"/home/runner/work/aelf-command/aelf-command/src/command/create.js": {"lines":{"total":20,"covered":20,"skipped":0,"pct":100},"functions":{"total":2,"covered":2,"skipped":0,"pct":100},"statements":{"total":20,"covered":20,"skipped":0,"pct":100},"branches":{"total":4,"covered":4,"skipped":0,"pct":100}}
,"/home/runner/work/aelf-command/aelf-command/src/command/deploy.js": {"lines":{"total":3,"covered":3,"skipped":0,"pct":100},"functions":{"total":2,"covered":2,"skipped":0,"pct":100},"statements":{"total":3,"covered":3,"skipped":0,"pct":100},"branches":{"total":3,"covered":3,"skipped":0,"pct":100}}
,"/home/runner/work/aelf-command/aelf-command/src/command/event.js": {"lines":{"total":20,"covered":19,"skipped":0,"pct":95},"functions":{"total":3,"covered":3,"skipped":0,"pct":100},"statements":{"total":21,"covered":20,"skipped":0,"pct":95.23},"branches":{"total":6,"covered":5,"skipped":0,"pct":83.33}}
,"/home/runner/work/aelf-command/aelf-command/src/command/getBlkHeight.js": {"lines":{"total":9,"covered":9,"skipped":0,"pct":100},"functions":{"total":2,"covered":2,"skipped":0,"pct":100},"statements":{"total":9,"covered":9,"skipped":0,"pct":100},"branches":{"total":0,"covered":0,"skipped":0,"pct":100}}
,"/home/runner/work/aelf-command/aelf-command/src/command/getBlkInfo.js": {"lines":{"total":19,"covered":19,"skipped":0,"pct":100},"functions":{"total":3,"covered":3,"skipped":0,"pct":100},"statements":{"total":19,"covered":19,"skipped":0,"pct":100},"branches":{"total":2,"covered":2,"skipped":0,"pct":100}}
,"/home/runner/work/aelf-command/aelf-command/src/command/getChainStatus.js": {"lines":{"total":9,"covered":9,"skipped":0,"pct":100},"functions":{"total":2,"covered":2,"skipped":0,"pct":100},"statements":{"total":9,"covered":9,"skipped":0,"pct":100},"branches":{"total":0,"covered":0,"skipped":0,"pct":100}}
,"/home/runner/work/aelf-command/aelf-command/src/command/getTxResult.js": {"lines":{"total":17,"covered":17,"skipped":0,"pct":100},"functions":{"total":3,"covered":3,"skipped":0,"pct":100},"statements":{"total":17,"covered":17,"skipped":0,"pct":100},"branches":{"total":0,"covered":0,"skipped":0,"pct":100}}
,"/home/runner/work/aelf-command/aelf-command/src/command/load.js": {"lines":{"total":25,"covered":25,"skipped":0,"pct":100},"functions":{"total":2,"covered":2,"skipped":0,"pct":100},"statements":{"total":25,"covered":25,"skipped":0,"pct":100},"branches":{"total":8,"covered":8,"skipped":0,"pct":100}}
,"/home/runner/work/aelf-command/aelf-command/src/command/proposal.js": {"lines":{"total":57,"covered":55,"skipped":0,"pct":96.49},"functions":{"total":5,"covered":5,"skipped":0,"pct":100},"statements":{"total":57,"covered":55,"skipped":0,"pct":96.49},"branches":{"total":23,"covered":19,"skipped":0,"pct":82.6}}
,"/home/runner/work/aelf-command/aelf-command/src/command/send.js": {"lines":{"total":5,"covered":5,"skipped":0,"pct":100},"functions":{"total":2,"covered":2,"skipped":0,"pct":100},"statements":{"total":5,"covered":5,"skipped":0,"pct":100},"branches":{"total":0,"covered":0,"skipped":0,"pct":100}}
,"/home/runner/work/aelf-command/aelf-command/src/command/wallet.js": {"lines":{"total":15,"covered":15,"skipped":0,"pct":100},"functions":{"total":2,"covered":2,"skipped":0,"pct":100},"statements":{"total":15,"covered":15,"skipped":0,"pct":100},"branches":{"total":2,"covered":2,"skipped":0,"pct":100}}
,"/home/runner/work/aelf-command/aelf-command/src/command/dappServer/HKDF.js": {"lines":{"total":21,"covered":21,"skipped":0,"pct":100},"functions":{"total":2,"covered":2,"skipped":0,"pct":100},"statements":{"total":22,"covered":22,"skipped":0,"pct":100},"branches":{"total":4,"covered":4,"skipped":0,"pct":100}}
,"/home/runner/work/aelf-command/aelf-command/src/command/dappServer/constants.js": {"lines":{"total":1,"covered":1,"skipped":0,"pct":100},"functions":{"total":0,"covered":0,"skipped":0,"pct":100},"statements":{"total":1,"covered":1,"skipped":0,"pct":100},"branches":{"total":0,"covered":0,"skipped":0,"pct":100}}
,"/home/runner/work/aelf-command/aelf-command/src/command/dappServer/encrypt.js": {"lines":{"total":21,"covered":21,"skipped":0,"pct":100},"functions":{"total":4,"covered":4,"skipped":0,"pct":100},"statements":{"total":21,"covered":21,"skipped":0,"pct":100},"branches":{"total":3,"covered":3,"skipped":0,"pct":100}}
,"/home/runner/work/aelf-command/aelf-command/src/command/dappServer/index.js": {"lines":{"total":13,"covered":13,"skipped":0,"pct":100},"functions":{"total":2,"covered":2,"skipped":0,"pct":100},"statements":{"total":13,"covered":13,"skipped":0,"pct":100},"branches":{"total":1,"covered":1,"skipped":0,"pct":100}}
,"/home/runner/work/aelf-command/aelf-command/src/command/dappServer/sign.js": {"lines":{"total":27,"covered":25,"skipped":0,"pct":92.59},"functions":{"total":5,"covered":5,"skipped":0,"pct":100},"statements":{"total":27,"covered":25,"skipped":0,"pct":92.59},"branches":{"total":2,"covered":2,"skipped":0,"pct":100}}
,"/home/runner/work/aelf-command/aelf-command/src/command/dappServer/socket.js": {"lines":{"total":138,"covered":138,"skipped":0,"pct":100},"functions":{"total":17,"covered":16,"skipped":0,"pct":94.11},"statements":{"total":141,"covered":140,"skipped":0,"pct":99.29},"branches":{"total":71,"covered":63,"skipped":0,"pct":88.73}}
,"/home/runner/work/aelf-command/aelf-command/src/command/dappServer/utils.js": {"lines":{"total":17,"covered":17,"skipped":0,"pct":100},"functions":{"total":3,"covered":3,"skipped":0,"pct":100},"statements":{"total":17,"covered":17,"skipped":0,"pct":100},"branches":{"total":9,"covered":9,"skipped":0,"pct":100}}
,"/home/runner/work/aelf-command/aelf-command/src/rc/index.js": {"lines":{"total":46,"covered":46,"skipped":0,"pct":100},"functions":{"total":17,"covered":17,"skipped":0,"pct":100},"statements":{"total":47,"covered":47,"skipped":0,"pct":100},"branches":{"total":16,"covered":16,"skipped":0,"pct":100}}
,"/home/runner/work/aelf-command/aelf-command/src/utils/Logger.js": {"lines":{"total":20,"covered":20,"skipped":0,"pct":100},"functions":{"total":3,"covered":3,"skipped":0,"pct":100},"statements":{"total":20,"covered":20,"skipped":0,"pct":100},"branches":{"total":16,"covered":15,"skipped":0,"pct":93.75}}
,"/home/runner/work/aelf-command/aelf-command/src/utils/fs.js": {"lines":{"total":18,"covered":15,"skipped":0,"pct":83.33},"functions":{"total":2,"covered":2,"skipped":0,"pct":100},"statements":{"total":19,"covered":16,"skipped":0,"pct":84.21},"branches":{"total":10,"covered":8,"skipped":0,"pct":80}}
,"/home/runner/work/aelf-command/aelf-command/src/utils/myLogger.js": {"lines":{"total":2,"covered":2,"skipped":0,"pct":100},"functions":{"total":0,"covered":0,"skipped":0,"pct":100},"statements":{"total":2,"covered":2,"skipped":0,"pct":100},"branches":{"total":0,"covered":0,"skipped":0,"pct":100}}
,"/home/runner/work/aelf-command/aelf-command/src/utils/userHomeDir.js": {"lines":{"total":11,"covered":11,"skipped":0,"pct":100},"functions":{"total":4,"covered":4,"skipped":0,"pct":100},"statements":{"total":11,"covered":11,"skipped":0,"pct":100},"branches":{"total":8,"covered":8,"skipped":0,"pct":100}}
,"/home/runner/work/aelf-command/aelf-command/src/utils/utils.js": {"lines":{"total":171,"covered":146,"skipped":0,"pct":85.38},"functions":{"total":32,"covered":29,"skipped":0,"pct":90.62},"statements":{"total":173,"covered":147,"skipped":0,"pct":84.97},"branches":{"total":96,"covered":76,"skipped":0,"pct":79.16}}
,"/home/runner/work/aelf-command/aelf-command/src/utils/wallet.js": {"lines":{"total":19,"covered":19,"skipped":0,"pct":100},"functions":{"total":2,"covered":2,"skipped":0,"pct":100},"statements":{"total":19,"covered":19,"skipped":0,"pct":100},"branches":{"total":11,"covered":11,"skipped":0,"pct":100}}
,"/home/runner/work/aelf-command/aelf-command/test/constants.js": {"lines":{"total":4,"covered":4,"skipped":0,"pct":100},"functions":{"total":0,"covered":0,"skipped":0,"pct":100},"statements":{"total":4,"covered":4,"skipped":0,"pct":100},"branches":{"total":0,"covered":0,"skipped":0,"pct":100}}
}
